app/build/intermediates/manifest_merge_blame_file/release/processReleaseMainManifest/manifest-merger-blame-release-report.txt
1<?xml version="1.0" encoding="utf-8"?>
2<manifest xmlns:android="http://schemas.android.com/apk/res/android"
3    package="com.alananasss.kittytune"
4    android:versionCode="1"
5    android:versionName="2.19.2" >
6
7    <uses-sdk
8        android:minSdkVersion="26"
9        android:targetSdkVersion="36" />
10
11    <uses-permission android:name="android.permission.INTERNET" />
11-->src\main\AndroidManifest.xml:5:9-71
11-->src\main\AndroidManifest.xml:5:26-68
12    <uses-permission android:name="android.permission.ACCESS_NETWORK_STATE" />
12-->src\main\AndroidManifest.xml:6:9-83
12-->src\main\AndroidManifest.xml:6:26-80
13    <uses-permission android:name="android.permission.WAKE_LOCK" />
13-->src\main\AndroidManifest.xml:7:9-72
13-->src\main\AndroidManifest.xml:7:26-69
14    <uses-permission android:name="android.permission.FOREGROUND_SERVICE" />
14-->src\main\AndroidManifest.xml:8:9-81
14-->src\main\AndroidManifest.xml:8:26-78
15    <uses-permission android:name="android.permission.FOREGROUND_SERVICE_MEDIA_PLAYBACK" />
15-->src\main\AndroidManifest.xml:9:9-96
15-->src\main\AndroidManifest.xml:9:26-93
16    <uses-permission android:name="android.permission.POST_NOTIFICATIONS" />
16-->src\main\AndroidManifest.xml:10:9-81
16-->src\main\AndroidManifest.xml:10:26-78
17    <uses-permission android:name="android.permission.REQUEST_INSTALL_PACKAGES" />
17-->src\main\AndroidManifest.xml:11:9-87
17-->src\main\AndroidManifest.xml:11:26-84
18
19    <!-- fix: explicitly declare automotive support is optional (hybrid app) -->
20    <uses-feature
20-->src\main\AndroidManifest.xml:14:9-98
21        android:name="android.hardware.type.automotive"
21-->src\main\AndroidManifest.xml:14:23-70
22        android:required="false" />
22-->src\main\AndroidManifest.xml:14:71-95
23
24    <queries>
24-->src\main\AndroidManifest.xml:141:9-145:19
25        <intent>
25-->src\main\AndroidManifest.xml:142:13-144:22
26            <action android:name="android.media.browse.MediaBrowserService" />
26-->src\main\AndroidManifest.xml:135:21-86
26-->src\main\AndroidManifest.xml:135:29-84
27        </intent>
28    </queries>
29
30    <uses-permission android:name="android.permission.RECEIVE_BOOT_COMPLETED" />
30-->[androidx.work:work-runtime:2.7.1] AndroidManifest.xml:27:5-81
30-->[androidx.work:work-runtime:2.7.1] AndroidManifest.xml:27:22-78
31
32    <permission
32-->[androidx.core:core:1.17.0] AndroidManifest.xml:22:5-24:47
33        android:name="com.alananasss.kittytune.DYNAMIC_RECEIVER_NOT_EXPORTED_PERMISSION"
33-->[androidx.core:core:1.17.0] AndroidManifest.xml:23:9-81
34        android:protectionLevel="signature" />
34-->[androidx.core:core:1.17.0] AndroidManifest.xml:24:9-44
35
36    <uses-permission android:name="com.alananasss.kittytune.DYNAMIC_RECEIVER_NOT_EXPORTED_PERMISSION" />
36-->[androidx.core:core:1.17.0] AndroidManifest.xml:26:5-97
36-->[androidx.core:core:1.17.0] AndroidManifest.xml:26:22-94
37
38    <application
38-->src\main\AndroidManifest.xml:16:9-139:23
39        android:name="com.alananasss.kittytune.KittyTuneApp"
39-->src\main\AndroidManifest.xml:17:13-41
40        android:allowBackup="true"
40-->src\main\AndroidManifest.xml:19:13-39
41        android:appComponentFactory="androidx.core.app.CoreComponentFactory"
41-->[androidx.core:core:1.17.0] AndroidManifest.xml:28:18-86
42        android:dataExtractionRules="@xml/data_extraction_rules"
42-->src\main\AndroidManifest.xml:20:13-69
43        android:extractNativeLibs="false"
44        android:fullBackupContent="@xml/backup_rules"
44-->src\main\AndroidManifest.xml:21:13-58
45        android:icon="@mipmap/ic_launcher"
45-->src\main\AndroidManifest.xml:22:13-47
46        android:label="@string/app_name"
46-->src\main\AndroidManifest.xml:23:13-45
47        android:roundIcon="@mipmap/ic_launcher_round"
47-->src\main\AndroidManifest.xml:24:13-58
48        android:supportsRtl="true"
48-->src\main\AndroidManifest.xml:25:13-39
49        android:theme="@style/Theme.SoundTune"
49-->src\main\AndroidManifest.xml:26:13-51
50        android:usesCleartextTraffic="true" >
50-->src\main\AndroidManifest.xml:18:13-48
51
52        <!-- fix: android auto metadata must be here -->
53        <meta-data
53-->src\main\AndroidManifest.xml:30:13-32:63
54            android:name="com.google.android.gms.car.application"
54-->src\main\AndroidManifest.xml:31:17-70
55            android:resource="@xml/automotive_app_desc" />
55-->src\main\AndroidManifest.xml:32:17-60
56
57        <!-- fix: must use a transparent drawable (notification icon), NOT the launcher icon -->
58        <meta-data
58-->src\main\AndroidManifest.xml:35:13-37:64
59            android:name="com.google.android.gms.car.notification.SmallIcon"
59-->src\main\AndroidManifest.xml:36:17-81
60            android:resource="@drawable/ic_notification" />
60-->src\main\AndroidManifest.xml:37:17-61
61
62        <activity
62-->src\main\AndroidManifest.xml:39:13-51:24
63            android:name="com.alananasss.kittytune.MainActivity"
63-->src\main\AndroidManifest.xml:40:17-45
64            android:configChanges="orientation|screenSize|screenLayout|keyboardHidden|mnc|colorMode|density|smallestScreenSize"
64-->src\main\AndroidManifest.xml:44:17-132
65            android:exported="true"
65-->src\main\AndroidManifest.xml:41:17-40
66            android:label="@string/app_name"
66-->src\main\AndroidManifest.xml:42:17-49
67            android:launchMode="singleTask"
67-->src\main\AndroidManifest.xml:43:17-48
68            android:theme="@style/Theme.SoundTune" >
68-->src\main\AndroidManifest.xml:45:17-55
69                android:windowSoftInputMode="adjustResize">
70            <intent-filter>
70-->src\main\AndroidManifest.xml:47:17-50:33
71                <action android:name="android.intent.action.MAIN" />
71-->src\main\AndroidManifest.xml:48:21-73
71-->src\main\AndroidManifest.xml:48:29-70
72
73                <category android:name="android.intent.category.LAUNCHER" />
73-->src\main\AndroidManifest.xml:49:21-81
73-->src\main\AndroidManifest.xml:49:31-78
74            </intent-filter>
75        </activity>
76
77        <service
77-->src\main\AndroidManifest.xml:53:13-65:23
78            android:name="com.alananasss.kittytune.data.PlaybackService"
78-->src\main\AndroidManifest.xml:54:17-53
79            android:enabled="true"
79-->src\main\AndroidManifest.xml:55:17-39
80            android:exported="true"
80-->src\main\AndroidManifest.xml:56:17-40
81            android:foregroundServiceType="mediaPlayback" >
81-->src\main\AndroidManifest.xml:57:17-62
82            <intent-filter>
82-->src\main\AndroidManifest.xml:58:17-60:33
83                <action android:name="androidx.media3.session.MediaSessionService" />
83-->src\main\AndroidManifest.xml:59:21-90
83-->src\main\AndroidManifest.xml:59:29-87
84            </intent-filter>
85
86            <meta-data
86-->src\main\AndroidManifest.xml:62:17-64:68
87                android:name="androidx.media3.session.DefaultMediaNotificationProvider.SmallIcon"
87-->src\main\AndroidManifest.xml:63:21-102
88                android:resource="@drawable/ic_notification" />
88-->src\main\AndroidManifest.xml:64:21-65
89        </service>
90
91        <receiver
91-->src\main\AndroidManifest.xml:67:13-72:24
92            android:name="androidx.media.session.MediaButtonReceiver"
92-->src\main\AndroidManifest.xml:67:23-80
93            android:exported="true" >
93-->src\main\AndroidManifest.xml:68:17-40
94            <intent-filter>
94-->src\main\AndroidManifest.xml:69:17-71:33
95                <action android:name="android.intent.action.MEDIA_BUTTON" />
95-->src\main\AndroidManifest.xml:70:21-81
95-->src\main\AndroidManifest.xml:70:29-78
96            </intent-filter>
97        </receiver>
98
99        <!-- Main Widget Receiver -->
100        <receiver
100-->src\main\AndroidManifest.xml:75:13-84:24
101            android:name="com.alananasss.kittytune.ui.widget.MusicWidgetReceiver"
101-->src\main\AndroidManifest.xml:76:17-62
102            android:exported="true" >
102-->src\main\AndroidManifest.xml:77:17-40
103            <intent-filter>
103-->src\main\AndroidManifest.xml:78:17-80:33
104                <action android:name="android.appwidget.action.APPWIDGET_UPDATE" />
104-->src\main\AndroidManifest.xml:79:21-88
104-->src\main\AndroidManifest.xml:79:29-85
105            </intent-filter>
106
107            <meta-data
107-->src\main\AndroidManifest.xml:81:17-83:65
108                android:name="android.appwidget.provider"
108-->src\main\AndroidManifest.xml:82:21-62
109                android:resource="@xml/music_widget_info" />
109-->src\main\AndroidManifest.xml:83:21-62
110        </receiver>
111
112        <!-- Mini Widget Receiver -->
113        <receiver
113-->src\main\AndroidManifest.xml:87:13-96:24
114            android:name="com.alananasss.kittytune.ui.widget.MiniMusicWidgetReceiver"
114-->src\main\AndroidManifest.xml:88:17-66
115            android:exported="true" >
115-->src\main\AndroidManifest.xml:89:17-40
116            <intent-filter>
116-->src\main\AndroidManifest.xml:78:17-80:33
117                <action android:name="android.appwidget.action.APPWIDGET_UPDATE" />
117-->src\main\AndroidManifest.xml:79:21-88
117-->src\main\AndroidManifest.xml:79:29-85
118            </intent-filter>
119
120            <meta-data
120-->src\main\AndroidManifest.xml:81:17-83:65
121                android:name="android.appwidget.provider"
121-->src\main\AndroidManifest.xml:82:21-62
122                android:resource="@xml/mini_music_widget_info" />
122-->src\main\AndroidManifest.xml:83:21-62
123        </receiver>
124
125        <!-- Search Widget Receiver -->
126        <receiver
126-->src\main\AndroidManifest.xml:99:13-108:24
127            android:name="com.alananasss.kittytune.ui.widget.SearchWidgetReceiver"
127-->src\main\AndroidManifest.xml:100:17-63
128            android:exported="true" >
128-->src\main\AndroidManifest.xml:101:17-40
129            <intent-filter>
129-->src\main\AndroidManifest.xml:78:17-80:33
130                <action android:name="android.appwidget.action.APPWIDGET_UPDATE" />
130-->src\main\AndroidManifest.xml:79:21-88
130-->src\main\AndroidManifest.xml:79:29-85
131            </intent-filter>
132
133            <meta-data
133-->src\main\AndroidManifest.xml:81:17-83:65
134                android:name="android.appwidget.provider"
134-->src\main\AndroidManifest.xml:82:21-62
135                android:resource="@xml/search_widget_info" />
135-->src\main\AndroidManifest.xml:83:21-62
136        </receiver>
137
138        <!-- Widget Configuration Activity -->
139        <activity
139-->src\main\AndroidManifest.xml:111:13-117:24
140            android:name="com.alananasss.kittytune.ui.widget.WidgetConfigActivity"
140-->src\main\AndroidManifest.xml:112:17-63
141            android:exported="true" >
141-->src\main\AndroidManifest.xml:113:17-40
142            <intent-filter>
142-->src\main\AndroidManifest.xml:114:17-116:33
143                <action android:name="android.appwidget.action.APPWIDGET_CONFIGURE" />
143-->src\main\AndroidManifest.xml:115:21-91
143-->src\main\AndroidManifest.xml:115:29-88
144            </intent-filter>
145        </activity>
146
147        <provider
148            android:name="androidx.core.content.FileProvider"
148-->src\main\AndroidManifest.xml:120:17-66
149            android:authorities="com.alananasss.kittytune.provider"
149-->src\main\AndroidManifest.xml:121:17-64
150            android:exported="false"
150-->src\main\AndroidManifest.xml:122:17-41
151            android:grantUriPermissions="true" >
151-->src\main\AndroidManifest.xml:123:17-51
152            <meta-data
152-->src\main\AndroidManifest.xml:124:17-126:62
153                android:name="android.support.FILE_PROVIDER_PATHS"
153-->src\main\AndroidManifest.xml:125:21-71
154                android:resource="@xml/provider_paths" />
154-->src\main\AndroidManifest.xml:126:21-59
155        </provider>
156
157        <service
157-->src\main\AndroidManifest.xml:129:13-137:23
158            android:name="com.alananasss.kittytune.data.KittyTuneMediaLibraryService"
158-->src\main\AndroidManifest.xml:130:17-66
159            android:exported="true"
159-->src\main\AndroidManifest.xml:131:17-40
160            android:foregroundServiceType="mediaPlayback" >
160-->src\main\AndroidManifest.xml:132:17-62
161            <intent-filter>
161-->src\main\AndroidManifest.xml:133:17-136:33
162                <action android:name="androidx.media3.session.MediaLibraryService" />
162-->src\main\AndroidManifest.xml:134:21-89
162-->src\main\AndroidManifest.xml:134:29-87
163                <action android:name="android.media.browse.MediaBrowserService" />
163-->src\main\AndroidManifest.xml:135:21-86
163-->src\main\AndroidManifest.xml:135:29-84
164            </intent-filter>
165        </service>
166
167        <activity
167-->[androidx.glance:glance-appwidget:1.1.1] AndroidManifest.xml:23:9-28:62
168            android:name="androidx.glance.appwidget.action.ActionTrampolineActivity"
168-->[androidx.glance:glance-appwidget:1.1.1] AndroidManifest.xml:24:13-85
169            android:enabled="true"
169-->[androidx.glance:glance-appwidget:1.1.1] AndroidManifest.xml:25:13-35
170            android:excludeFromRecents="true"
170-->[androidx.glance:glance-appwidget:1.1.1] AndroidManifest.xml:26:13-46
171            android:exported="false"
171-->[androidx.glance:glance-appwidget:1.1.1] AndroidManifest.xml:27:13-37
172            android:theme="@android:style/Theme.NoDisplay" />
172-->[androidx.glance:glance-appwidget:1.1.1] AndroidManifest.xml:28:13-59
173        <activity
173-->[androidx.glance:glance-appwidget:1.1.1] AndroidManifest.xml:29:9-36:81
174            android:name="androidx.glance.appwidget.action.InvisibleActionTrampolineActivity"
174-->[androidx.glance:glance-appwidget:1.1.1] AndroidManifest.xml:30:13-94
175            android:enabled="true"
175-->[androidx.glance:glance-appwidget:1.1.1] AndroidManifest.xml:31:13-35
176            android:exported="false"
176-->[androidx.glance:glance-appwidget:1.1.1] AndroidManifest.xml:32:13-37
177            android:launchMode="singleInstance"
177-->[androidx.glance:glance-appwidget:1.1.1] AndroidManifest.xml:33:13-48
178            android:noHistory="true"
178-->[androidx.glance:glance-appwidget:1.1.1] AndroidManifest.xml:34:13-37
179            android:taskAffinity="androidx.glance.appwidget.ListAdapterCallbackTrampoline"
179-->[androidx.glance:glance-appwidget:1.1.1] AndroidManifest.xml:35:13-91
180            android:theme="@style/Widget.Glance.AppWidget.CallbackTrampoline" />
180-->[androidx.glance:glance-appwidget:1.1.1] AndroidManifest.xml:36:13-78
181
182        <receiver
182-->[androidx.glance:glance-appwidget:1.1.1] AndroidManifest.xml:38:9-41:40
183            android:name="androidx.glance.appwidget.action.ActionCallbackBroadcastReceiver"
183-->[androidx.glance:glance-appwidget:1.1.1] AndroidManifest.xml:39:13-92
184            android:enabled="true"
184-->[androidx.glance:glance-appwidget:1.1.1] AndroidManifest.xml:40:13-35
185            android:exported="false" />
185-->[androidx.glance:glance-appwidget:1.1.1] AndroidManifest.xml:41:13-37
186        <receiver
186-->[androidx.glance:glance-appwidget:1.1.1] AndroidManifest.xml:42:9-45:40
187            android:name="androidx.glance.appwidget.UnmanagedSessionReceiver"
187-->[androidx.glance:glance-appwidget:1.1.1] AndroidManifest.xml:43:13-78
188            android:enabled="true"
188-->[androidx.glance:glance-appwidget:1.1.1] AndroidManifest.xml:44:13-35
189            android:exported="false" />
189-->[androidx.glance:glance-appwidget:1.1.1] AndroidManifest.xml:45:13-37
190        <receiver
190-->[androidx.glance:glance-appwidget:1.1.1] AndroidManifest.xml:46:9-53:20
191            android:name="androidx.glance.appwidget.MyPackageReplacedReceiver"
191-->[androidx.glance:glance-appwidget:1.1.1] AndroidManifest.xml:47:13-79
192            android:enabled="true"
192-->[androidx.glance:glance-appwidget:1.1.1] AndroidManifest.xml:48:13-35
193            android:exported="false" >
193-->[androidx.glance:glance-appwidget:1.1.1] AndroidManifest.xml:49:13-37
194            <intent-filter>
194-->[androidx.glance:glance-appwidget:1.1.1] AndroidManifest.xml:50:13-52:29
195                <action android:name="android.intent.action.MY_PACKAGE_REPLACED" />
195-->[androidx.glance:glance-appwidget:1.1.1] AndroidManifest.xml:51:17-84
195-->[androidx.glance:glance-appwidget:1.1.1] AndroidManifest.xml:51:25-81
196            </intent-filter>
197        </receiver>
198
199        <service
199-->[androidx.glance:glance-appwidget:1.1.1] AndroidManifest.xml:55:9-58:72
200            android:name="androidx.glance.appwidget.GlanceRemoteViewsService"
200-->[androidx.glance:glance-appwidget:1.1.1] AndroidManifest.xml:56:13-78
201            android:exported="true"
201-->[androidx.glance:glance-appwidget:1.1.1] AndroidManifest.xml:57:13-36
202            android:permission="android.permission.BIND_REMOTEVIEWS" />
202-->[androidx.glance:glance-appwidget:1.1.1] AndroidManifest.xml:58:13-69
203        <service
203-->[androidx.core:core-remoteviews:1.1.0] AndroidManifest.xml:24:9-27:63
204            android:name="androidx.core.widget.RemoteViewsCompatService"
204-->[androidx.core:core-remoteviews:1.1.0] AndroidManifest.xml:25:13-73
205            android:permission="android.permission.BIND_REMOTEVIEWS" />
205-->[androidx.core:core-remoteviews:1.1.0] AndroidManifest.xml:26:13-69
206
207        <provider
207-->[androidx.work:work-runtime:2.7.1] AndroidManifest.xml:31:9-39:20
208            android:name="androidx.startup.InitializationProvider"
208-->[androidx.work:work-runtime:2.7.1] AndroidManifest.xml:32:13-67
209            android:authorities="com.alananasss.kittytune.androidx-startup"
209-->[androidx.work:work-runtime:2.7.1] AndroidManifest.xml:33:13-68
210            android:exported="false" >
210-->[androidx.work:work-runtime:2.7.1] AndroidManifest.xml:34:13-37
211            <meta-data
211-->[androidx.work:work-runtime:2.7.1] AndroidManifest.xml:36:13-38:52
212                android:name="androidx.work.WorkManagerInitializer"
212-->[androidx.work:work-runtime:2.7.1] AndroidManifest.xml:37:17-68
213                android:value="androidx.startup" />
213-->[androidx.work:work-runtime:2.7.1] AndroidManifest.xml:38:17-49
214            <meta-data
214-->[androidx.emoji2:emoji2:1.4.0] AndroidManifest.xml:29:13-31:52
215                android:name="androidx.emoji2.text.EmojiCompatInitializer"
215-->[androidx.emoji2:emoji2:1.4.0] AndroidManifest.xml:30:17-75
216                android:value="androidx.startup" />
216-->[androidx.emoji2:emoji2:1.4.0] AndroidManifest.xml:31:17-49
217            <meta-data
217-->[androidx.lifecycle:lifecycle-process:2.10.0] AndroidManifest.xml:29:13-31:52
218                android:name="androidx.lifecycle.ProcessLifecycleInitializer"
218-->[androidx.lifecycle:lifecycle-process:2.10.0] AndroidManifest.xml:30:17-78
219                android:value="androidx.startup" />
219-->[androidx.lifecycle:lifecycle-process:2.10.0] AndroidManifest.xml:31:17-49
220            <meta-data
220-->[com.squareup.okhttp3:okhttp-android:5.3.2] AndroidManifest.xml:16:13-18:52
221                android:name="okhttp3.internal.platform.PlatformInitializer"
221-->[com.squareup.okhttp3:okhttp-android:5.3.2] AndroidManifest.xml:17:17-77
222                android:value="androidx.startup" />
222-->[com.squareup.okhttp3:okhttp-android:5.3.2] AndroidManifest.xml:18:17-49
223            <meta-data
223-->[androidx.profileinstaller:profileinstaller:1.4.0] AndroidManifest.xml:29:13-31:52
224                android:name="androidx.profileinstaller.ProfileInstallerInitializer"
224-->[androidx.profileinstaller:profileinstaller:1.4.0] AndroidManifest.xml:30:17-85
225                android:value="androidx.startup" />
225-->[androidx.profileinstaller:profileinstaller:1.4.0] AndroidManifest.xml:31:17-49
226        </provider>
227
228        <service
228-->[androidx.work:work-runtime:2.7.1] AndroidManifest.xml:41:9-46:35
229            android:name="androidx.work.impl.background.systemalarm.SystemAlarmService"
229-->[androidx.work:work-runtime:2.7.1] AndroidManifest.xml:42:13-88
230            android:directBootAware="false"
230-->[androidx.work:work-runtime:2.7.1] AndroidManifest.xml:43:13-44
231            android:enabled="@bool/enable_system_alarm_service_default"
231-->[androidx.work:work-runtime:2.7.1] AndroidManifest.xml:44:13-72
232            android:exported="false" />
232-->[androidx.work:work-runtime:2.7.1] AndroidManifest.xml:45:13-37
233        <service
233-->[androidx.work:work-runtime:2.7.1] AndroidManifest.xml:47:9-53:35
234            android:name="androidx.work.impl.background.systemjob.SystemJobService"
234-->[androidx.work:work-runtime:2.7.1] AndroidManifest.xml:48:13-84
235            android:directBootAware="false"
235-->[androidx.work:work-runtime:2.7.1] AndroidManifest.xml:49:13-44
236            android:enabled="@bool/enable_system_job_service_default"
236-->[androidx.work:work-runtime:2.7.1] AndroidManifest.xml:50:13-70
237            android:exported="true"
237-->[androidx.work:work-runtime:2.7.1] AndroidManifest.xml:51:13-36
238            android:permission="android.permission.BIND_JOB_SERVICE" />
238-->[androidx.work:work-runtime:2.7.1] AndroidManifest.xml:52:13-69
239        <service
239-->[androidx.work:work-runtime:2.7.1] AndroidManifest.xml:54:9-59:35
240            android:name="androidx.work.impl.foreground.SystemForegroundService"
240-->[androidx.work:work-runtime:2.7.1] AndroidManifest.xml:55:13-81
241            android:directBootAware="false"
241-->[androidx.work:work-runtime:2.7.1] AndroidManifest.xml:56:13-44
242            android:enabled="@bool/enable_system_foreground_service_default"
242-->[androidx.work:work-runtime:2.7.1] AndroidManifest.xml:57:13-77
243            android:exported="false" />
243-->[androidx.work:work-runtime:2.7.1] AndroidManifest.xml:58:13-37
244
245        <receiver
245-->[androidx.work:work-runtime:2.7.1] AndroidManifest.xml:61:9-66:35
246            android:name="androidx.work.impl.utils.ForceStopRunnable$BroadcastReceiver"
246-->[androidx.work:work-runtime:2.7.1] AndroidManifest.xml:62:13-88
247            android:directBootAware="false"
247-->[androidx.work:work-runtime:2.7.1] AndroidManifest.xml:63:13-44
248            android:enabled="true"
248-->[androidx.work:work-runtime:2.7.1] AndroidManifest.xml:64:13-35
249            android:exported="false" />
249-->[androidx.work:work-runtime:2.7.1] AndroidManifest.xml:65:13-37
250        <receiver
250-->[androidx.work:work-runtime:2.7.1] AndroidManifest.xml:67:9-77:20
251            android:name="androidx.work.impl.background.systemalarm.ConstraintProxy$BatteryChargingProxy"
251-->[androidx.work:work-runtime:2.7.1] AndroidManifest.xml:68:13-106
252            android:directBootAware="false"
252-->[androidx.work:work-runtime:2.7.1] AndroidManifest.xml:69:13-44
253            android:enabled="false"
253-->[androidx.work:work-runtime:2.7.1] AndroidManifest.xml:70:13-36
254            android:exported="false" >
254-->[androidx.work:work-runtime:2.7.1] AndroidManifest.xml:71:13-37
255            <intent-filter>
255-->[androidx.work:work-runtime:2.7.1] AndroidManifest.xml:73:13-76:29
256                <action android:name="android.intent.action.ACTION_POWER_CONNECTED" />
256-->[androidx.work:work-runtime:2.7.1] AndroidManifest.xml:74:17-87
256-->[androidx.work:work-runtime:2.7.1] AndroidManifest.xml:74:25-84
257                <action android:name="android.intent.action.ACTION_POWER_DISCONNECTED" />
257-->[androidx.work:work-runtime:2.7.1] AndroidManifest.xml:75:17-90
257-->[androidx.work:work-runtime:2.7.1] AndroidManifest.xml:75:25-87
258            </intent-filter>
259        </receiver>
260        <receiver
260-->[androidx.work:work-runtime:2.7.1] AndroidManifest.xml:78:9-88:20
261            android:name="androidx.work.impl.background.systemalarm.ConstraintProxy$BatteryNotLowProxy"
261-->[androidx.work:work-runtime:2.7.1] AndroidManifest.xml:79:13-104
262            android:directBootAware="false"
262-->[androidx.work:work-runtime:2.7.1] AndroidManifest.xml:80:13-44
263            android:enabled="false"
263-->[androidx.work:work-runtime:2.7.1] AndroidManifest.xml:81:13-36
264            android:exported="false" >
264-->[androidx.work:work-runtime:2.7.1] AndroidManifest.xml:82:13-37
265            <intent-filter>
265-->[androidx.work:work-runtime:2.7.1] AndroidManifest.xml:84:13-87:29
266                <action android:name="android.intent.action.BATTERY_OKAY" />
266-->[androidx.work:work-runtime:2.7.1] AndroidManifest.xml:85:17-77
266-->[androidx.work:work-runtime:2.7.1] AndroidManifest.xml:85:25-74
267                <action android:name="android.intent.action.BATTERY_LOW" />
267-->[androidx.work:work-runtime:2.7.1] AndroidManifest.xml:86:17-76
267-->[androidx.work:work-runtime:2.7.1] AndroidManifest.xml:86:25-73
268            </intent-filter>
269        </receiver>
270        <receiver
270-->[androidx.work:work-runtime:2.7.1] AndroidManifest.xml:89:9-99:20
271            android:name="androidx.work.impl.background.systemalarm.ConstraintProxy$StorageNotLowProxy"
271-->[androidx.work:work-runtime:2.7.1] AndroidManifest.xml:90:13-104
272            android:directBootAware="false"
272-->[androidx.work:work-runtime:2.7.1] AndroidManifest.xml:91:13-44
273            android:enabled="false"
273-->[androidx.work:work-runtime:2.7.1] AndroidManifest.xml:92:13-36
274            android:exported="false" >
274-->[androidx.work:work-runtime:2.7.1] AndroidManifest.xml:93:13-37
275            <intent-filter>
275-->[androidx.work:work-runtime:2.7.1] AndroidManifest.xml:95:13-98:29
276                <action android:name="android.intent.action.DEVICE_STORAGE_LOW" />
276-->[androidx.work:work-runtime:2.7.1] AndroidManifest.xml:96:17-83
276-->[androidx.work:work-runtime:2.7.1] AndroidManifest.xml:96:25-80
277                <action android:name="android.intent.action.DEVICE_STORAGE_OK" />
277-->[androidx.work:work-runtime:2.7.1] AndroidManifest.xml:97:17-82
277-->[androidx.work:work-runtime:2.7.1] AndroidManifest.xml:97:25-79
278            </intent-filter>
279        </receiver>
280        <receiver
280-->[androidx.work:work-runtime:2.7.1] AndroidManifest.xml:100:9-109:20
281            android:name="androidx.work.impl.background.systemalarm.ConstraintProxy$NetworkStateProxy"
281-->[androidx.work:work-runtime:2.7.1] AndroidManifest.xml:101:13-103
282            android:directBootAware="false"
282-->[androidx.work:work-runtime:2.7.1] AndroidManifest.xml:102:13-44
283            android:enabled="false"
283-->[androidx.work:work-runtime:2.7.1] AndroidManifest.xml:103:13-36
284            android:exported="false" >
284-->[androidx.work:work-runtime:2.7.1] AndroidManifest.xml:104:13-37
285            <intent-filter>
285-->[androidx.work:work-runtime:2.7.1] AndroidManifest.xml:106:13-108:29
286                <action android:name="android.net.conn.CONNECTIVITY_CHANGE" />
286-->[androidx.work:work-runtime:2.7.1] AndroidManifest.xml:107:17-79
286-->[androidx.work:work-runtime:2.7.1] AndroidManifest.xml:107:25-76
287            </intent-filter>
288        </receiver>
289        <receiver
289-->[androidx.work:work-runtime:2.7.1] AndroidManifest.xml:110:9-121:20
290            android:name="androidx.work.impl.background.systemalarm.RescheduleReceiver"
290-->[androidx.work:work-runtime:2.7.1] AndroidManifest.xml:111:13-88
291            android:directBootAware="false"
291-->[androidx.work:work-runtime:2.7.1] AndroidManifest.xml:112:13-44
292            android:enabled="false"
292-->[androidx.work:work-runtime:2.7.1] AndroidManifest.xml:113:13-36
293            android:exported="false" >
293-->[androidx.work:work-runtime:2.7.1] AndroidManifest.xml:114:13-37
294            <intent-filter>
294-->[androidx.work:work-runtime:2.7.1] AndroidManifest.xml:116:13-120:29
295                <action android:name="android.intent.action.BOOT_COMPLETED" />
295-->[androidx.work:work-runtime:2.7.1] AndroidManifest.xml:117:17-79
295-->[androidx.work:work-runtime:2.7.1] AndroidManifest.xml:117:25-76
296                <action android:name="android.intent.action.TIME_SET" />
296-->[androidx.work:work-runtime:2.7.1] AndroidManifest.xml:118:17-73
296-->[androidx.work:work-runtime:2.7.1] AndroidManifest.xml:118:25-70
297                <action android:name="android.intent.action.TIMEZONE_CHANGED" />
297-->[androidx.work:work-runtime:2.7.1] AndroidManifest.xml:119:17-81
297-->[androidx.work:work-runtime:2.7.1] AndroidManifest.xml:119:25-78
298            </intent-filter>
299        </receiver>
300        <receiver
300-->[androidx.work:work-runtime:2.7.1] AndroidManifest.xml:122:9-131:20
301            android:name="androidx.work.impl.background.systemalarm.ConstraintProxyUpdateReceiver"
301-->[androidx.work:work-runtime:2.7.1] AndroidManifest.xml:123:13-99
302            android:directBootAware="false"
302-->[androidx.work:work-runtime:2.7.1] AndroidManifest.xml:124:13-44
303            android:enabled="@bool/enable_system_alarm_service_default"
303-->[androidx.work:work-runtime:2.7.1] AndroidManifest.xml:125:13-72
304            android:exported="false" >
304-->[androidx.work:work-runtime:2.7.1] AndroidManifest.xml:126:13-37
305            <intent-filter>
305-->[androidx.work:work-runtime:2.7.1] AndroidManifest.xml:128:13-130:29
306                <action android:name="androidx.work.impl.background.systemalarm.UpdateProxies" />
306-->[androidx.work:work-runtime:2.7.1] AndroidManifest.xml:129:17-98
306-->[androidx.work:work-runtime:2.7.1] AndroidManifest.xml:129:25-95
307            </intent-filter>
308        </receiver>
309        <receiver
309-->[androidx.work:work-runtime:2.7.1] AndroidManifest.xml:132:9-142:20
310            android:name="androidx.work.impl.diagnostics.DiagnosticsReceiver"
310-->[androidx.work:work-runtime:2.7.1] AndroidManifest.xml:133:13-78
311            android:directBootAware="false"